<?xml version="1.0" encoding="UTF-8"?>
<!-- Generated by org.testng.reporters.JUnitReportReporter -->
<testsuite skipped="0" hostname="DESKTOP-4J1LCJ7" name="com.frankbahar.testcases.SignInTest" tests="1" failures="0" timestamp="21 May 2019 03:17:07 GMT" time="17.323" errors="0">
  <testcase name="signInTest" time="17.323" classname="com.frankbahar.testcases.SignInTest"/>
</testsuite> <!-- com.frankbahar.testcases.SignInTest -->
