<?xml version="1.0" encoding="UTF-8"?>
<!-- Generated by org.testng.reporters.JUnitReportReporter -->
<testsuite skipped="1" hostname="DESKTOP-4J1LCJ7" name="com.frankbahar.testcases.SignInTest" tests="2" failures="0" timestamp="29 May 2019 06:29:30 GMT" time="13.815" errors="0">
  <testcase name="signInTest" time="0.009" classname="com.frankbahar.testcases.SignInTest">
    <skipped/>
  </testcase> <!-- signInTest -->
  <testcase name="signInTest" time="13.806" classname="com.frankbahar.testcases.SignInTest"/>
</testsuite> <!-- com.frankbahar.testcases.SignInTest -->
