<?xml version="1.0" encoding="UTF-8"?>
<!-- Generated by org.testng.reporters.JUnitReportReporter -->
<testsuite skipped="0" hostname="DESKTOP-4J1LCJ7" name="com.frankbahar.testcases.FlightSearchTest" tests="1" failures="0" timestamp="21 May 2019 03:38:37 GMT" time="42.771" errors="0">
  <testcase name="flightSearchTestmain" time="42.771" classname="com.frankbahar.testcases.FlightSearchTest"/>
</testsuite> <!-- com.frankbahar.testcases.FlightSearchTest -->
